#Software: Microsoft Internet Information Services 10.0
#Version: 1.0
#Date: 2019-05-30 08:33:24
#Fields: date time s-ip cs-method cs-uri-stem cs-uri-query s-port cs-username c-ip cs(User-Agent) cs(Referer) sc-status sc-substatus sc-win32-status time-taken
2019-05-30 08:33:24 ::1 DEBUG / - 59112 - ::1 - - 200 0 64 12275
2019-05-30 08:33:28 ::1 GET / - 44350 - ::1 Mozilla/5.0+(Windows+NT+10.0;+Win64;+x64)+AppleWebKit/537.36+(KHTML,+like+Gecko)+Chrome/74.0.3729.169+Safari/537.36 - 200 0 0 11389
2019-05-30 08:33:28 ::1 GET /css/site.css - 44350 - ::1 Mozilla/5.0+(Windows+NT+10.0;+Win64;+x64)+AppleWebKit/537.36+(KHTML,+like+Gecko)+Chrome/74.0.3729.169+Safari/537.36 https://localhost:44350/ 304 0 0 139
2019-05-30 08:33:28 ::1 GET /lib/bootstrap/dist/js/bootstrap.js - 44350 - ::1 Mozilla/5.0+(Windows+NT+10.0;+Win64;+x64)+AppleWebKit/537.36+(KHTML,+like+Gecko)+Chrome/74.0.3729.169+Safari/537.36 https://localhost:44350/ 304 0 0 142
2019-05-30 08:33:28 ::1 GET /lib/jquery/dist/jquery.js - 44350 - ::1 Mozilla/5.0+(Windows+NT+10.0;+Win64;+x64)+AppleWebKit/537.36+(KHTML,+like+Gecko)+Chrome/74.0.3729.169+Safari/537.36 https://localhost:44350/ 304 0 0 147
2019-05-30 08:33:28 ::1 GET /lib/bootstrap/dist/css/bootstrap.css - 44350 - ::1 Mozilla/5.0+(Windows+NT+10.0;+Win64;+x64)+AppleWebKit/537.36+(KHTML,+like+Gecko)+Chrome/74.0.3729.169+Safari/537.36 https://localhost:44350/ 304 0 0 162
2019-05-30 08:33:28 ::1 GET /js/customer-index.js v=O8knjwGtGNXl26DVabGqSCqt0PsDZkB6RHJIWLFjivI 44350 - ::1 Mozilla/5.0+(Windows+NT+10.0;+Win64;+x64)+AppleWebKit/537.36+(KHTML,+like+Gecko)+Chrome/74.0.3729.169+Safari/537.36 https://localhost:44350/ 304 0 0 148
2019-05-30 08:33:28 ::1 GET /js/site.js v=4q1jwFhaPaZgr8WAUSrux6hAuh0XDg9kPS3xIVq36I0 44350 - ::1 Mozilla/5.0+(Windows+NT+10.0;+Win64;+x64)+AppleWebKit/537.36+(KHTML,+like+Gecko)+Chrome/74.0.3729.169+Safari/537.36 https://localhost:44350/ 304 0 0 172
2019-05-30 08:33:29 ::1 GET /lib/bootstrap/dist/fonts/glyphicons-halflings-regular.woff2 - 44350 - ::1 Mozilla/5.0+(Windows+NT+10.0;+Win64;+x64)+AppleWebKit/537.36+(KHTML,+like+Gecko)+Chrome/74.0.3729.169+Safari/537.36 https://localhost:44350/lib/bootstrap/dist/css/bootstrap.css 304 0 0 48
#Software: Microsoft Internet Information Services 10.0
#Version: 1.0
#Date: 2019-05-30 08:36:31
#Fields: date time s-ip cs-method cs-uri-stem cs-uri-query s-port cs-username c-ip cs(User-Agent) cs(Referer) sc-status sc-substatus sc-win32-status time-taken
2019-05-30 08:36:31 ::1 DEBUG / - 59112 - ::1 - - 200 0 64 7257
2019-05-30 08:36:32 ::1 GET / - 44350 - ::1 Mozilla/5.0+(Windows+NT+10.0;+Win64;+x64)+AppleWebKit/537.36+(KHTML,+like+Gecko)+Chrome/74.0.3729.169+Safari/537.36 - 200 0 0 5435
2019-05-30 08:36:37 ::1 GET / - 44350 - ::1 Mozilla/5.0+(Windows+NT+10.0;+Win64;+x64)+AppleWebKit/537.36+(KHTML,+like+Gecko)+Chrome/74.0.3729.169+Safari/537.36 https://localhost:44350/ 200 0 0 135
2019-05-30 08:36:41 ::1 GET /Home - 44350 - ::1 Mozilla/5.0+(Windows+NT+10.0;+Win64;+x64)+AppleWebKit/537.36+(KHTML,+like+Gecko)+Chrome/74.0.3729.169+Safari/537.36 https://localhost:44350/ 200 0 0 93
2019-05-30 08:36:41 ::1 GET /images/banner1.svg - 44350 - ::1 Mozilla/5.0+(Windows+NT+10.0;+Win64;+x64)+AppleWebKit/537.36+(KHTML,+like+Gecko)+Chrome/74.0.3729.169+Safari/537.36 https://localhost:44350/Home 304 0 0 45
2019-05-30 08:36:41 ::1 GET /images/banner2.svg - 44350 - ::1 Mozilla/5.0+(Windows+NT+10.0;+Win64;+x64)+AppleWebKit/537.36+(KHTML,+like+Gecko)+Chrome/74.0.3729.169+Safari/537.36 https://localhost:44350/Home 304 0 0 43
2019-05-30 08:36:41 ::1 GET /images/banner3.svg - 44350 - ::1 Mozilla/5.0+(Windows+NT+10.0;+Win64;+x64)+AppleWebKit/537.36+(KHTML,+like+Gecko)+Chrome/74.0.3729.169+Safari/537.36 https://localhost:44350/Home 304 0 0 25
2019-05-30 08:36:44 ::1 GET /Home/About - 44350 - ::1 Mozilla/5.0+(Windows+NT+10.0;+Win64;+x64)+AppleWebKit/537.36+(KHTML,+like+Gecko)+Chrome/74.0.3729.169+Safari/537.36 https://localhost:44350/Home 200 0 0 68
2019-05-30 08:36:46 ::1 GET /Home/Contact - 44350 - ::1 Mozilla/5.0+(Windows+NT+10.0;+Win64;+x64)+AppleWebKit/537.36+(KHTML,+like+Gecko)+Chrome/74.0.3729.169+Safari/537.36 https://localhost:44350/Home/About 200 0 0 113
2019-05-30 08:36:48 ::1 GET / - 44350 - ::1 Mozilla/5.0+(Windows+NT+10.0;+Win64;+x64)+AppleWebKit/537.36+(KHTML,+like+Gecko)+Chrome/74.0.3729.169+Safari/537.36 https://localhost:44350/Home/Contact 200 0 0 134
#Software: Microsoft Internet Information Services 10.0
#Version: 1.0
#Date: 2019-05-30 10:16:43
#Fields: date time s-ip cs-method cs-uri-stem cs-uri-query s-port cs-username c-ip cs(User-Agent) cs(Referer) sc-status sc-substatus sc-win32-status time-taken
2019-05-30 10:16:43 ::1 DEBUG / - 52420 - ::1 - - 502 5 64 8201
2019-05-30 10:16:47 ::1 GET / - 52420 - ::1 Mozilla/5.0+(Windows+NT+10.0;+Win64;+x64)+AppleWebKit/537.36+(KHTML,+like+Gecko)+Chrome/74.0.3729.169+Safari/537.36 - 502 5 2147500037 7091
2019-05-30 10:16:52 ::1 GET /favicon.ico - 52420 - ::1 Mozilla/5.0+(Windows+NT+10.0;+Win64;+x64)+AppleWebKit/537.36+(KHTML,+like+Gecko)+Chrome/74.0.3729.169+Safari/537.36 http://localhost:52420/ 502 5 64 4528
